[2024-11-14 13:02:10] info: NetClip Server listening on the port 4000
[2024-11-14 13:02:12] info: Redis store connected
[2024-11-14 13:05:49] info: NetClip Server listening on the port 4000
[2024-11-14 13:05:49] info: Redis store connected
[2024-11-14 13:07:27] info: NetClip Server listening on the port 4000
[2024-11-14 13:07:54] info: NetClip Server listening on the port 4000
[2024-11-14 13:07:54] info: Redis store connected
[2024-11-14 13:08:55] info: NetClip Server listening on the port 4000
[2024-11-14 13:08:56] info: Redis store connected
[2024-11-14 13:09:37] info: NetClip Server listening on the port 4000
[2024-11-14 13:09:38] info: Redis store connected
[2024-11-14 13:10:23] info: NetClip Server listening on the port 4000
[2024-11-14 13:10:24] info: Redis store connected
[2024-11-14 13:14:18] info: NetClip Server listening on the port 4000
[2024-11-14 13:14:19] info: Redis store connected
[2024-11-14 13:14:43] info: NetClip Server listening on the port 4000
[2024-11-14 13:14:44] info: Redis store connected
[2024-11-14 13:15:17] info: NetClip Server listening on the port 4000
[2024-11-14 13:15:17] info: Redis store connected
[2024-11-14 13:16:36] info: NetClip Server listening on the port 4000
[2024-11-14 13:16:38] info: Redis store connected
[2024-11-14 13:20:08] info: NetClip Server listening on the port 4000
[2024-11-14 13:20:09] info: Redis store connected
[2024-11-14 13:23:19] info: NetClip Server listening on the port 4000
[2024-11-14 13:23:21] info: Redis store connected
[2024-11-14 13:24:29] info: NetClip Server listening on the port 4000
[2024-11-14 13:24:30] info: Redis store connected
[2024-11-14 13:25:09] info: NetClip Server listening on the port 4000
[2024-11-14 13:25:11] info: Redis store connected
[2024-11-14 13:25:46] info: NetClip Server listening on the port 4000
[2024-11-14 13:25:48] info: Redis store connected
[2024-11-14 13:27:02] info: NetClip Server listening on the port 4000
[2024-11-14 13:27:02] info: Redis store connected
[2024-11-14 13:28:10] info: NetClip Server listening on the port 4000
[2024-11-14 13:28:11] info: Redis store connected
[2024-11-14 13:28:59] info: NetClip Server listening on the port 4000
[2024-11-14 13:29:01] info: Redis store connected
[2024-11-14 13:30:03] info: NetClip Server listening on the port 4000
[2024-11-14 13:30:05] info: Redis store connected
[2024-11-14 13:31:29] info: NetClip Server listening on the port 4000
[2024-11-14 13:31:31] info: Redis store connected
[2024-11-14 13:35:22] info: NetClip Server listening on the port 4000
[2024-11-14 13:35:24] info: Redis store connected
[2024-11-14 13:36:58] info: NetClip Server listening on the port 4000
[2024-11-14 13:36:59] info: Redis store connected
[2024-11-14 13:57:08] error: Redis is disconnected:  read ECONNRESET
[2024-11-14 13:57:26] error: Redis is disconnected:  getaddrinfo ENOTFOUND redis-19192.c245.us-east-1-3.ec2.redns.redis-cloud.com
[2024-11-14 13:57:27] error: Redis is disconnected:  getaddrinfo ENOTFOUND redis-19192.c245.us-east-1-3.ec2.redns.redis-cloud.com
[2024-11-14 13:57:27] error: Redis is disconnected:  getaddrinfo ENOTFOUND redis-19192.c245.us-east-1-3.ec2.redns.redis-cloud.com
[2024-11-14 13:57:27] error: Redis is disconnected:  getaddrinfo ENOTFOUND redis-19192.c245.us-east-1-3.ec2.redns.redis-cloud.com
[2024-11-14 13:57:27] error: Redis is disconnected:  getaddrinfo ENOTFOUND redis-19192.c245.us-east-1-3.ec2.redns.redis-cloud.com
[2024-11-14 13:57:27] error: Redis is disconnected:  getaddrinfo ENOTFOUND redis-19192.c245.us-east-1-3.ec2.redns.redis-cloud.com
[2024-11-14 13:57:28] error: Redis is disconnected:  getaddrinfo ENOTFOUND redis-19192.c245.us-east-1-3.ec2.redns.redis-cloud.com
[2024-11-14 13:57:28] error: Redis is disconnected:  getaddrinfo ENOTFOUND redis-19192.c245.us-east-1-3.ec2.redns.redis-cloud.com
[2024-11-14 13:57:28] error: Redis is disconnected:  getaddrinfo ENOTFOUND redis-19192.c245.us-east-1-3.ec2.redns.redis-cloud.com
[2024-11-14 13:57:29] error: Redis is disconnected:  getaddrinfo ENOTFOUND redis-19192.c245.us-east-1-3.ec2.redns.redis-cloud.com
[2024-11-14 13:57:29] error: Redis is disconnected:  getaddrinfo ENOTFOUND redis-19192.c245.us-east-1-3.ec2.redns.redis-cloud.com
[2024-11-14 13:57:30] error: Redis is disconnected:  getaddrinfo ENOTFOUND redis-19192.c245.us-east-1-3.ec2.redns.redis-cloud.com
[2024-11-14 13:57:30] error: Redis is disconnected:  getaddrinfo ENOTFOUND redis-19192.c245.us-east-1-3.ec2.redns.redis-cloud.com
[2024-11-14 13:57:31] error: Redis is disconnected:  getaddrinfo ENOTFOUND redis-19192.c245.us-east-1-3.ec2.redns.redis-cloud.com
[2024-11-14 13:57:31] error: Redis is disconnected:  getaddrinfo ENOTFOUND redis-19192.c245.us-east-1-3.ec2.redns.redis-cloud.com
[2024-11-14 13:57:32] error: Redis is disconnected:  getaddrinfo ENOTFOUND redis-19192.c245.us-east-1-3.ec2.redns.redis-cloud.com
[2024-11-14 13:57:37] error: Redis is disconnected:  getaddrinfo ENOTFOUND redis-19192.c245.us-east-1-3.ec2.redns.redis-cloud.com
[2024-11-14 13:58:05] error: Redis is disconnected:  getaddrinfo ENOTFOUND redis-19192.c245.us-east-1-3.ec2.redns.redis-cloud.com
[2024-11-14 13:58:05] error: Redis is disconnected:  getaddrinfo ENOTFOUND redis-19192.c245.us-east-1-3.ec2.redns.redis-cloud.com
[2024-11-14 13:58:06] error: Redis is disconnected:  getaddrinfo ENOTFOUND redis-19192.c245.us-east-1-3.ec2.redns.redis-cloud.com
[2024-11-14 13:58:06] error: Redis is disconnected:  getaddrinfo ENOTFOUND redis-19192.c245.us-east-1-3.ec2.redns.redis-cloud.com
[2024-11-14 13:58:07] error: Redis is disconnected:  getaddrinfo ENOTFOUND redis-19192.c245.us-east-1-3.ec2.redns.redis-cloud.com
[2024-11-14 13:58:07] error: Redis is disconnected:  getaddrinfo ENOTFOUND redis-19192.c245.us-east-1-3.ec2.redns.redis-cloud.com
[2024-11-14 13:58:08] error: Redis is disconnected:  getaddrinfo ENOTFOUND redis-19192.c245.us-east-1-3.ec2.redns.redis-cloud.com
[2024-11-14 13:58:08] error: Redis is disconnected:  getaddrinfo ENOTFOUND redis-19192.c245.us-east-1-3.ec2.redns.redis-cloud.com
[2024-11-14 13:58:09] error: Redis is disconnected:  getaddrinfo ENOTFOUND redis-19192.c245.us-east-1-3.ec2.redns.redis-cloud.com
[2024-11-14 13:58:10] info: Redis store connected
[2024-11-14 14:09:08] info: NetClip Server listening on the port 4000
[2024-11-14 14:09:09] info: Redis store connected
[2024-11-14 14:15:41] info: NetClip Server listening on the port 4000
[2024-11-14 14:15:41] info: Redis store connected
[2024-11-14 14:24:26] info: NetClip Server listening on the port 4000
[2024-11-14 14:24:27] info: Redis store connected
[2024-11-14 14:25:29] error: Redis is disconnected:  read ECONNRESET
[2024-11-14 14:25:34] error: Redis is disconnected:  Connection timeout
[2024-11-14 14:25:39] error: Redis is disconnected:  Connection timeout
[2024-11-14 14:25:40] error: Redis is disconnected:  getaddrinfo ENOTFOUND redis-19192.c245.us-east-1-3.ec2.redns.redis-cloud.com
[2024-11-14 14:25:40] error: Redis is disconnected:  getaddrinfo ENOTFOUND redis-19192.c245.us-east-1-3.ec2.redns.redis-cloud.com
[2024-11-14 14:25:40] error: Redis is disconnected:  getaddrinfo ENOTFOUND redis-19192.c245.us-east-1-3.ec2.redns.redis-cloud.com
[2024-11-14 14:25:40] error: Redis is disconnected:  getaddrinfo ENOTFOUND redis-19192.c245.us-east-1-3.ec2.redns.redis-cloud.com
[2024-11-14 14:25:41] error: Redis is disconnected:  getaddrinfo ENOTFOUND redis-19192.c245.us-east-1-3.ec2.redns.redis-cloud.com
[2024-11-14 14:25:41] error: Redis is disconnected:  getaddrinfo ENOTFOUND redis-19192.c245.us-east-1-3.ec2.redns.redis-cloud.com
[2024-11-14 14:25:41] error: Redis is disconnected:  getaddrinfo ENOTFOUND redis-19192.c245.us-east-1-3.ec2.redns.redis-cloud.com
[2024-11-14 14:25:42] error: Redis is disconnected:  getaddrinfo ENOTFOUND redis-19192.c245.us-east-1-3.ec2.redns.redis-cloud.com
[2024-11-14 14:25:42] error: Redis is disconnected:  getaddrinfo ENOTFOUND redis-19192.c245.us-east-1-3.ec2.redns.redis-cloud.com
[2024-11-14 14:25:43] error: Redis is disconnected:  getaddrinfo ENOTFOUND redis-19192.c245.us-east-1-3.ec2.redns.redis-cloud.com
[2024-11-14 14:25:43] error: Redis is disconnected:  getaddrinfo ENOTFOUND redis-19192.c245.us-east-1-3.ec2.redns.redis-cloud.com
[2024-11-14 14:25:44] error: Redis is disconnected:  getaddrinfo ENOTFOUND redis-19192.c245.us-east-1-3.ec2.redns.redis-cloud.com
[2024-11-14 14:25:44] error: Redis is disconnected:  getaddrinfo ENOTFOUND redis-19192.c245.us-east-1-3.ec2.redns.redis-cloud.com
[2024-11-14 14:25:45] error: Redis is disconnected:  getaddrinfo ENOTFOUND redis-19192.c245.us-east-1-3.ec2.redns.redis-cloud.com
[2024-11-14 14:25:46] error: Redis is disconnected:  getaddrinfo ENOTFOUND redis-19192.c245.us-east-1-3.ec2.redns.redis-cloud.com
[2024-11-14 14:25:46] error: Redis is disconnected:  getaddrinfo ENOTFOUND redis-19192.c245.us-east-1-3.ec2.redns.redis-cloud.com
[2024-11-14 14:25:47] error: Redis is disconnected:  getaddrinfo ENOTFOUND redis-19192.c245.us-east-1-3.ec2.redns.redis-cloud.com
[2024-11-14 14:25:47] error: Redis is disconnected:  getaddrinfo ENOTFOUND redis-19192.c245.us-east-1-3.ec2.redns.redis-cloud.com
[2024-11-14 14:25:48] error: Redis is disconnected:  getaddrinfo ENOTFOUND redis-19192.c245.us-east-1-3.ec2.redns.redis-cloud.com
[2024-11-14 14:25:48] error: Redis is disconnected:  getaddrinfo ENOTFOUND redis-19192.c245.us-east-1-3.ec2.redns.redis-cloud.com
[2024-11-14 14:25:49] error: Redis is disconnected:  getaddrinfo ENOTFOUND redis-19192.c245.us-east-1-3.ec2.redns.redis-cloud.com
[2024-11-14 14:25:49] error: Redis is disconnected:  getaddrinfo ENOTFOUND redis-19192.c245.us-east-1-3.ec2.redns.redis-cloud.com
[2024-11-14 14:25:50] error: Redis is disconnected:  getaddrinfo ENOTFOUND redis-19192.c245.us-east-1-3.ec2.redns.redis-cloud.com
[2024-11-14 14:25:50] error: Redis is disconnected:  getaddrinfo ENOTFOUND redis-19192.c245.us-east-1-3.ec2.redns.redis-cloud.com
[2024-11-14 14:25:51] error: Redis is disconnected:  getaddrinfo ENOTFOUND redis-19192.c245.us-east-1-3.ec2.redns.redis-cloud.com
[2024-11-14 14:25:51] error: Redis is disconnected:  getaddrinfo ENOTFOUND redis-19192.c245.us-east-1-3.ec2.redns.redis-cloud.com
[2024-11-14 14:25:52] error: Redis is disconnected:  getaddrinfo ENOTFOUND redis-19192.c245.us-east-1-3.ec2.redns.redis-cloud.com
[2024-11-14 14:25:52] error: Redis is disconnected:  getaddrinfo ENOTFOUND redis-19192.c245.us-east-1-3.ec2.redns.redis-cloud.com
[2024-11-14 14:25:53] error: Redis is disconnected:  getaddrinfo ENOTFOUND redis-19192.c245.us-east-1-3.ec2.redns.redis-cloud.com
[2024-11-14 14:25:53] error: Redis is disconnected:  getaddrinfo ENOTFOUND redis-19192.c245.us-east-1-3.ec2.redns.redis-cloud.com
[2024-11-14 14:25:54] error: Redis is disconnected:  getaddrinfo ENOTFOUND redis-19192.c245.us-east-1-3.ec2.redns.redis-cloud.com
[2024-11-14 14:25:55] error: Redis is disconnected:  getaddrinfo ENOTFOUND redis-19192.c245.us-east-1-3.ec2.redns.redis-cloud.com
[2024-11-14 14:25:55] error: Redis is disconnected:  getaddrinfo ENOTFOUND redis-19192.c245.us-east-1-3.ec2.redns.redis-cloud.com
[2024-11-14 14:25:56] error: Redis is disconnected:  getaddrinfo ENOTFOUND redis-19192.c245.us-east-1-3.ec2.redns.redis-cloud.com
[2024-11-14 14:26:01] error: Redis is disconnected:  Connection timeout
[2024-11-14 14:26:02] error: Redis is disconnected:  getaddrinfo ENOTFOUND redis-19192.c245.us-east-1-3.ec2.redns.redis-cloud.com
[2024-11-14 14:26:03] error: Redis is disconnected:  getaddrinfo ENOTFOUND redis-19192.c245.us-east-1-3.ec2.redns.redis-cloud.com
[2024-11-14 14:26:04] error: Redis is disconnected:  getaddrinfo ENOTFOUND redis-19192.c245.us-east-1-3.ec2.redns.redis-cloud.com
[2024-11-14 14:26:04] error: Redis is disconnected:  getaddrinfo ENOTFOUND redis-19192.c245.us-east-1-3.ec2.redns.redis-cloud.com
[2024-11-14 14:26:05] error: Redis is disconnected:  getaddrinfo ENOTFOUND redis-19192.c245.us-east-1-3.ec2.redns.redis-cloud.com
[2024-11-14 14:26:05] error: Redis is disconnected:  getaddrinfo ENOTFOUND redis-19192.c245.us-east-1-3.ec2.redns.redis-cloud.com
[2024-11-14 14:26:06] error: Redis is disconnected:  getaddrinfo ENOTFOUND redis-19192.c245.us-east-1-3.ec2.redns.redis-cloud.com
[2024-11-14 14:26:06] error: Redis is disconnected:  getaddrinfo ENOTFOUND redis-19192.c245.us-east-1-3.ec2.redns.redis-cloud.com
[2024-11-14 14:26:08] info: Redis store connected
